[2025-06-05 01:29:18] Начало обработки POST-запроса
[2025-06-05 01:30:55] Начало обработки POST-запроса
[2025-06-05 01:34:24] Сессия стартована
[2025-06-05 01:34:24] Подключение к БД успешно
[2025-06-05 01:34:24] Получен POST-запрос: Array
(
    [import_match_id] => 123
)

[2025-06-05 01:34:24] Начало импорта матча ID: 123
[2025-06-05 01:34:24] Ошибка: Import function not found
[2025-06-05 01:34:49] Сессия стартована
[2025-06-05 01:34:49] Подключение к БД успешно
[2025-06-05 01:34:49] Получен POST-запрос: Array
(
    [import_match_id] => 8016374486
    [action] => import
)

[2025-06-05 01:34:49] Начало импорта матча ID: 8016374486
[2025-06-05 01:34:49] Ошибка: Import function not found
[2025-06-05 01:43:47] Сессия стартована
[2025-06-05 01:43:47] Подключение к БД успешно
[2025-06-05 01:43:47] Начало импорта матча ID: 8016374486
[2025-06-05 01:43:48] Ошибка: SQLSTATE[42601]: Syntax error: 7 ОШИБКА:  ошибка синтаксиса (примерное положение: "DUPLICATE")
LINE 7:             ON DUPLICATE KEY UPDATE
                       ^
[2025-06-05 01:44:44] Сессия стартована
[2025-06-05 01:44:44] Подключение к БД успешно
[2025-06-05 01:44:44] Начало импорта матча ID: 8014459693
[2025-06-05 01:44:45] Ошибка: SQLSTATE[42601]: Syntax error: 7 ОШИБКА:  ошибка синтаксиса (примерное положение: "DUPLICATE")
LINE 7:             ON DUPLICATE KEY UPDATE
                       ^
[2025-06-05 01:47:40] Сессия стартована
[2025-06-05 01:47:40] Подключение к БД успешно
[2025-06-05 01:47:40] Начало импорта матча ID: 8014459693
[2025-06-05 01:47:41] Матч #8014459693 успешно импортирован
[2025-06-05 02:04:19] Сессия стартована
[2025-06-05 02:04:19] Подключение к БД успешно
[2025-06-05 02:04:19] Обработка ручного добавления матча
[2025-06-05 02:04:19] Матч успешно добавлен вручную
[2025-06-05 05:38:37] Сессия стартована
[2025-06-05 05:38:37] Подключение к БД успешно
[2025-06-05 05:38:37] Обработка ручного добавления матча
[2025-06-05 05:38:37] Матч успешно добавлен вручную
[2025-06-05 10:19:19] Сессия стартована
[2025-06-05 10:19:19] Подключение к БД успешно
[2025-06-05 10:19:19] Начало импорта матча ID: 56
[2025-06-05 10:19:19] Ошибка: Не удалось получить данные матча
[2025-06-05 10:20:07] Сессия стартована
[2025-06-05 10:20:07] Подключение к БД успешно
[2025-06-05 10:20:07] Начало импорта матча ID: 120
[2025-06-05 10:20:29] Ошибка: Не удалось получить данные матча
[2025-06-05 10:20:29] Сессия стартована
[2025-06-05 10:20:29] Подключение к БД успешно
[2025-06-05 10:20:29] Начало импорта матча ID: 120
[2025-06-05 10:20:29] Ошибка: Не удалось получить данные матча
[2025-06-05 10:20:29] Сессия стартована
[2025-06-05 10:20:29] Подключение к БД успешно
[2025-06-05 10:20:29] Не POST-запрос, перенаправление
[2025-06-05 10:27:13] Сессия стартована
[2025-06-05 10:27:14] Подключение к БД успешно
[2025-06-05 10:27:14] Начало импорта матча ID: 8014459693
[2025-06-05 10:27:14] Ошибка: SQLSTATE[23503]: Foreign key violation: 7 ОШИБКА:  UPDATE или DELETE в таблице "players" нарушает ограничение внешнего ключа "player_items_player_id_fkey" таблицы "player_items"
DETAIL:  На ключ (id)=(111) всё ещё есть ссылки в таблице "player_items".
[2025-06-05 10:28:34] Сессия стартована
[2025-06-05 10:28:34] Подключение к БД успешно
[2025-06-05 10:28:34] Начало импорта матча ID: 8014565528
[2025-06-05 10:28:34] Матч #8014565528 успешно импортирован
[2025-06-05 11:07:52] Сессия стартована
[2025-06-05 11:07:52] Подключение к БД успешно
[2025-06-05 11:07:52] Начало импорта матча ID: 7942890650
[2025-06-05 11:07:53] Матч #7942890650 успешно импортирован
