[05-Jun-2025 01:43:48 Europe/Berlin] Match save error: SQLSTATE[42601]: Syntax error: 7 ОШИБКА:  ошибка синтаксиса (примерное положение: "DUPLICATE")
LINE 7:             ON DUPLICATE KEY UPDATE
                       ^
[05-Jun-2025 01:43:48 Europe/Berlin] Ошибка импорта матча: SQLSTATE[42601]: Syntax error: 7 ОШИБКА:  ошибка синтаксиса (примерное положение: "DUPLICATE")
LINE 7:             ON DUPLICATE KEY UPDATE
                       ^
[05-Jun-2025 01:44:45 Europe/Berlin] Match save error: SQLSTATE[42601]: Syntax error: 7 ОШИБКА:  ошибка синтаксиса (примерное положение: "DUPLICATE")
LINE 7:             ON DUPLICATE KEY UPDATE
                       ^
[05-Jun-2025 01:44:45 Europe/Berlin] Ошибка импорта матча: SQLSTATE[42601]: Syntax error: 7 ОШИБКА:  ошибка синтаксиса (примерное положение: "DUPLICATE")
LINE 7:             ON DUPLICATE KEY UPDATE
                       ^
[05-Jun-2025 10:19:19 Europe/Berlin] PHP Warning:  file_get_contents(https://api.opendota.com/api/matches/56): Failed to open stream: HTTP request failed! HTTP/1.1 404 Not Found
 in C:\xampp\htdocs\DOTA\upload_match.php on line 91
[05-Jun-2025 10:19:19 Europe/Berlin] Ошибка импорта матча: Не удалось получить данные матча
[05-Jun-2025 10:20:29 Europe/Berlin] PHP Warning:  file_get_contents(https://api.opendota.com/api/matches/120): Failed to open stream: HTTP request failed! HTTP/1.1 404 Not Found
 in C:\xampp\htdocs\DOTA\upload_match.php on line 91
[05-Jun-2025 10:20:29 Europe/Berlin] Ошибка импорта матча: Не удалось получить данные матча
[05-Jun-2025 10:20:29 Europe/Berlin] PHP Warning:  file_get_contents(https://api.opendota.com/api/matches/120): Failed to open stream: HTTP request failed! HTTP/1.1 404 Not Found
 in C:\xampp\htdocs\DOTA\upload_match.php on line 91
[05-Jun-2025 10:20:29 Europe/Berlin] Ошибка импорта матча: Не удалось получить данные матча
[05-Jun-2025 10:27:14 Europe/Berlin] Match save error: SQLSTATE[23503]: Foreign key violation: 7 ОШИБКА:  UPDATE или DELETE в таблице "players" нарушает ограничение внешнего ключа "player_items_player_id_fkey" таблицы "player_items"
DETAIL:  На ключ (id)=(111) всё ещё есть ссылки в таблице "player_items".
[05-Jun-2025 10:27:14 Europe/Berlin] Ошибка импорта матча: SQLSTATE[23503]: Foreign key violation: 7 ОШИБКА:  UPDATE или DELETE в таблице "players" нарушает ограничение внешнего ключа "player_items_player_id_fkey" таблицы "player_items"
DETAIL:  На ключ (id)=(111) всё ещё есть ссылки в таблице "player_items".
